<?xml version="1.0" encoding="UTF-8"?>
<!-- Generated by org.testng.reporters.JUnitXMLReporter -->
<testsuite ignored="2" hostname="DESKTOP-C30L5ID" failures="0" tests="1" name="Default test" time="65.5" errors="0" timestamp="2020-12-10T20:06:34 PST">
  <testcase classname="testcasesPkg.LoginPageTest" name="loginTest" time="43.37"/>
  <testcase classname="testcasesPkg.LoginPageTest" name="loginPageTitleTest" time="0.0">
    <ignored/>
  </testcase> <!-- loginPageTitleTest -->
  <testcase classname="testcasesPkg.LoginPageTest" name="eHospitalLogoTest" time="0.0">
    <ignored/>
  </testcase> <!-- eHospitalLogoTest -->
</testsuite> <!-- Default test -->
